Using pre-set license
Built from '2021.1/staging' branch; Version is '2021.1.15f1 (e767a7370072) revision 15165351'; Using compiler version '192528614'; Build Type 'Release'
OS: 'Windows 10 Home; OS build 19043.1237; Version 2009; 64bit' Language: 'he' Physical Memory: 16183 MB
BatchMode: 1, IsHumanControllingUs: 0, StartBugReporterOnCrash: 0, Is64bit: 1, IsPro: 0

 COMMAND LINE ARGUMENTS:
C:\Program Files\Unity\Hub\Editor\2021.1.15f1\Editor\Unity.exe
-adb2
-batchMode
-noUpm
-name
AssetImportWorker0
-projectPath
C:/Users/galor/OneDrive/מסמכים/myDegree/שנה ג/סמסטר קיץ/Summer2021B
-logFile
Logs/AssetImportWorker0.log
-srvPort
63639
Successfully changed project path to: C:/Users/galor/OneDrive/מסמכים/myDegree/שנה ג/סמסטר קיץ/Summer2021B
C:/Users/galor/OneDrive/מסמכים/myDegree/שנה ג/סמסטר קיץ/Summer2021B
Using Asset Import Pipeline V2.
Refreshing native plugins compatible for Editor in 292.26 ms, found 2 plugins.
Preloading 0 native plugins for Editor in 0.00 ms.
Initialize engine version: 2021.1.15f1 (e767a7370072)
[Subsystems] Discovering subsystems at path C:/Program Files/Unity/Hub/Editor/2021.1.15f1/Editor/Data/Resources/UnitySubsystems
[Subsystems] Discovering subsystems at path C:/Users/galor/OneDrive/מסמכים/myDegree/שנה ג/סמסטר קיץ/Summer2021B/Assets
GfxDevice: creating device client; threaded=0; jobified=0
Direct3D:
    Version:  Direct3D 11.0 [level 11.1]
    Renderer: Intel(R) Iris(R) Xe Graphics (ID=0x9a49)
    Vendor:   Intel
    VRAM:     8091 MB
    Driver:   27.20.100.8853
Initialize mono
Mono path[0] = 'C:/Program Files/Unity/Hub/Editor/2021.1.15f1/Editor/Data/Managed'
Mono path[1] = 'C:/Program Files/Unity/Hub/Editor/2021.1.15f1/Editor/Data/MonoBleedingEdge/lib/mono/unityjit'
Mono config path = 'C:/Program Files/Unity/Hub/Editor/2021.1.15f1/Editor/Data/MonoBleedingEdge/etc'
Using monoOptions --debugger-agent=transport=dt_socket,embedding=1,server=y,suspend=n,address=127.0.0.1:56372
Begin MonoManager ReloadAssembly
Registering precompiled unity dll's ...
Register platform support module: C:/Program Files/Unity/Hub/Editor/2021.1.15f1/Editor/Data/PlaybackEngines/WindowsStandaloneSupport/UnityEditor.WindowsStandalone.Extensions.dll
Registered in 0.004127 seconds.
Native extension for WindowsStandalone target not found
Refreshing native plugins compatible for Editor in 103.38 ms, found 2 plugins.
Preloading 0 native plugins for Editor in 0.00 ms.
Mono: successfully reloaded assembly
- Completed reload, in  3.659 seconds
Domain Reload Profiling:
	ReloadAssembly (3659ms)
		BeginReloadAssembly (140ms)
			ExecutionOrderSort (0ms)
			DisableScriptedObjects (0ms)
			BackupInstance (0ms)
			ReleaseScriptingObjects (0ms)
			CreateAndSetChildDomain (2ms)
		EndReloadAssembly (1363ms)
			LoadAssemblies (133ms)
			RebuildTransferFunctionScriptingTraits (0ms)
			SetupTypeCache (693ms)
			ReleaseScriptCaches (0ms)
			RebuildScriptCaches (76ms)
			SetupLoadedEditorAssemblies (462ms)
				LogAssemblyErrors (0ms)
				InitializePlatformSupportModulesInManaged (12ms)
				SetLoadedEditorAssemblies (0ms)
				RefreshPlugins (103ms)
				BeforeProcessingInitializeOnLoad (2ms)
				ProcessInitializeOnLoadAttributes (259ms)
				ProcessInitializeOnLoadMethodAttributes (84ms)
				AfterProcessingInitializeOnLoad (0ms)
				EditorAssembliesLoaded (1ms)
			ExecutionOrderSort2 (0ms)
			AwakeInstancesAfterBackupRestoration (0ms)
Platform modules already initialized, skipping
Registering precompiled user dll's ...
Registered in 0.251810 seconds.
Begin MonoManager ReloadAssembly
Native extension for WindowsStandalone target not found
Refreshing native plugins compatible for Editor in 0.96 ms, found 2 plugins.
Preloading 0 native plugins for Editor in 0.00 ms.
Mono: successfully reloaded assembly
- Completed reload, in  2.959 seconds
Domain Reload Profiling:
	ReloadAssembly (2960ms)
		BeginReloadAssembly (373ms)
			ExecutionOrderSort (0ms)
			DisableScriptedObjects (9ms)
			BackupInstance (0ms)
			ReleaseScriptingObjects (0ms)
			CreateAndSetChildDomain (35ms)
		EndReloadAssembly (2423ms)
			LoadAssemblies (217ms)
			RebuildTransferFunctionScriptingTraits (0ms)
			SetupTypeCache (741ms)
			ReleaseScriptCaches (1ms)
			RebuildScriptCaches (120ms)
			SetupLoadedEditorAssemblies (1118ms)
				LogAssemblyErrors (0ms)
				InitializePlatformSupportModulesInManaged (14ms)
				SetLoadedEditorAssemblies (1ms)
				RefreshPlugins (1ms)
				BeforeProcessingInitializeOnLoad (113ms)
				ProcessInitializeOnLoadAttributes (961ms)
				ProcessInitializeOnLoadMethodAttributes (11ms)
				AfterProcessingInitializeOnLoad (16ms)
				EditorAssembliesLoaded (0ms)
			ExecutionOrderSort2 (0ms)
			AwakeInstancesAfterBackupRestoration (18ms)
Platform modules already initialized, skipping
========================================================================
Worker process is ready to serve import requests
Launched and connected shader compiler UnityShaderCompiler.exe after 0.15 seconds
Refreshing native plugins compatible for Editor in 1.03 ms, found 2 plugins.
Preloading 0 native plugins for Editor in 0.00 ms.
Unloading 1448 Unused Serialized files (Serialized files now loaded: 0)
System memory in use before: 72.1 MB.
System memory in use after: 72.1 MB.

Unloading 18 unused Assets to reduce memory usage. Loaded Objects now: 1902.
Total: 2.980200 ms (FindLiveObjects: 0.179900 ms CreateObjectMapping: 0.062100 ms MarkObjects: 2.600400 ms  DeleteObjects: 0.135800 ms)

AssetImportParameters requested are different than current active one (requested -> active):
  custom:framework-win-MediaFoundation: 216162199b28c13a410421893ffa2e32 -> 
  custom:video-decoder-ogg-theora: a1e56fd34408186e4bbccfd4996cb3dc -> 
  custom:container-muxer-webm: aa71ff27fc2769a1b78a27578f13a17b -> 
  custom:container-demuxer-webm: 4f35f7cbe854078d1ac9338744f61a02 -> 
  custom:container-demuxer-ogg: 62fdf1f143b41e24485cea50d1cbac27 -> 
  custom:video-encoder-webm-vp8: eb34c28f22e8b96e1ab97ce403110664 -> 
  custom:video-codec-MediaFoundation-h265: 746d11721c4dcdbdad8f713fa42b33f4 -> 
  custom:video-decoder-webm-vp8: 9c59270c3fd7afecdb556c50c9e8de78 -> 
  custom:audio-decoder-ogg-vorbis: bf7c407c2cedff20999df2af8eb42d56 -> 
  custom:audio-encoder-webm-vorbis: bf7c407c2cedff20999df2af8eb42d56 -> 
========================================================================
Received Import Request.
  path: Assets/3Dfrk
  artifactKey: Guid(8b22e077b80d2854790c1a6ed61492fa) Importer(815301076,1909f56bfc062723c751e8b465ee728b)
Start importing Assets/3Dfrk using Guid(8b22e077b80d2854790c1a6ed61492fa) Importer(815301076,1909f56bfc062723c751e8b465ee728b)  -> (artifact id: '601e5ee3a66ceed4cc9f275385aedf01') in 0.022075 seconds 
========================================================================
Received Import Request.
  Time since last request: 6.543740 seconds.
  path: Assets/FROOD/Models
  artifactKey: Guid(63bac40b474d3ce468783179a5001614) Importer(815301076,1909f56bfc062723c751e8b465ee728b)
Start importing Assets/FROOD/Models using Guid(63bac40b474d3ce468783179a5001614) Importer(815301076,1909f56bfc062723c751e8b465ee728b)  -> (artifact id: '23cfe7cec6e279d772910ea46ac4241e') in 0.015450 seconds 
========================================================================
Received Import Request.
  Time since last request: 0.109985 seconds.
  path: Assets/FROOD/Models/Cookie.fbx
  artifactKey: Guid(31500b4fe38416744a333495e9c077c8) Importer(815301076,1909f56bfc062723c751e8b465ee728b)
Start importing Assets/FROOD/Models/Cookie.fbx using Guid(31500b4fe38416744a333495e9c077c8) Importer(815301076,1909f56bfc062723c751e8b465ee728b)  -> (artifact id: '079a3fd144cbed002892bd7a5a747e3d') in 0.361699 seconds 
========================================================================
Received Import Request.
  Time since last request: 0.000368 seconds.
  path: Assets/FROOD/Models/Onigiri.fbx
  artifactKey: Guid(0647694be20423c43981f4ab093c53dd) Importer(815301076,1909f56bfc062723c751e8b465ee728b)
Start importing Assets/FROOD/Models/Onigiri.fbx using Guid(0647694be20423c43981f4ab093c53dd) Importer(815301076,1909f56bfc062723c751e8b465ee728b)  -> (artifact id: 'b49359899a6e32329bb84b520b423f47') in 0.071168 seconds 
========================================================================
Received Import Request.
  Time since last request: 0.000326 seconds.
  path: Assets/FROOD/Models/Steack.fbx
  artifactKey: Guid(67547ae68ce6a6242a5fda472d37ba85) Importer(815301076,1909f56bfc062723c751e8b465ee728b)
Start importing Assets/FROOD/Models/Steack.fbx using Guid(67547ae68ce6a6242a5fda472d37ba85) Importer(815301076,1909f56bfc062723c751e8b465ee728b)  -> (artifact id: '39726a3b2ae78e2790c32962b14cbac0') in 0.062511 seconds 
========================================================================
Received Import Request.
  Time since last request: 0.000279 seconds.
  path: Assets/FROOD/Models/Ham.fbx
  artifactKey: Guid(2b1055afae88d1c4680feb8265a33a35) Importer(815301076,1909f56bfc062723c751e8b465ee728b)
Start importing Assets/FROOD/Models/Ham.fbx using Guid(2b1055afae88d1c4680feb8265a33a35) Importer(815301076,1909f56bfc062723c751e8b465ee728b)  -> (artifact id: 'aac43c9ed9cb8a90fa24d47a2786684a') in 0.077027 seconds 
========================================================================
Received Import Request.
  Time since last request: 0.000374 seconds.
  path: Assets/FROOD/Models/Watermelon.fbx
  artifactKey: Guid(dd5c23045caca5c448bbba7f8c9de23a) Importer(815301076,1909f56bfc062723c751e8b465ee728b)
Start importing Assets/FROOD/Models/Watermelon.fbx using Guid(dd5c23045caca5c448bbba7f8c9de23a) Importer(815301076,1909f56bfc062723c751e8b465ee728b)  -> (artifact id: '1802789af6e4307262a35736df0901be') in 0.103581 seconds 
========================================================================
Received Import Request.
  Time since last request: 13.297452 seconds.
  path: Assets/Models
  artifactKey: Guid(e4ae724adad25da4da9b422a55f54c59) Importer(815301076,1909f56bfc062723c751e8b465ee728b)
Start importing Assets/Models using Guid(e4ae724adad25da4da9b422a55f54c59) Importer(815301076,1909f56bfc062723c751e8b465ee728b)  -> (artifact id: '0ee35725d7be7569a7269cdd5dbd1925') in 0.005012 seconds 
========================================================================
Received Import Request.
  Time since last request: 7.071405 seconds.
  path: Assets/money pack
  artifactKey: Guid(3c7ed40b1707f844c8ecd98cd3675531) Importer(815301076,1909f56bfc062723c751e8b465ee728b)
Start importing Assets/money pack using Guid(3c7ed40b1707f844c8ecd98cd3675531) Importer(815301076,1909f56bfc062723c751e8b465ee728b)  -> (artifact id: '2eae06b95ee1960ecbd41a9517f3065c') in 0.020569 seconds 
========================================================================
Received Import Request.
  Time since last request: 14.948678 seconds.
  path: Assets/PlantsPackage
  artifactKey: Guid(f00a0f5444f0ba745b139bfcf5a188f8) Importer(815301076,1909f56bfc062723c751e8b465ee728b)
Start importing Assets/PlantsPackage using Guid(f00a0f5444f0ba745b139bfcf5a188f8) Importer(815301076,1909f56bfc062723c751e8b465ee728b)  -> (artifact id: '1044bbbaee450dd0a95c0fe2a76c4d9d') in 0.015410 seconds 
========================================================================
Received Import Request.
  Time since last request: 27.891402 seconds.
  path: Assets/WhitePorcelainDishSetDemo
  artifactKey: Guid(8ba5816f4e79d9240bf8b84b577f9344) Importer(815301076,1909f56bfc062723c751e8b465ee728b)
Start importing Assets/WhitePorcelainDishSetDemo using Guid(8ba5816f4e79d9240bf8b84b577f9344) Importer(815301076,1909f56bfc062723c751e8b465ee728b)  -> (artifact id: 'de1e51ad2c509c7890c91ee2c1d750c1') in 0.012713 seconds 
========================================================================
Received Import Request.
  Time since last request: 1.414696 seconds.
  path: Assets/WhitePorcelainDishSetDemo/Models
  artifactKey: Guid(951e9fe1caab2f941b50bafe45348f51) Importer(815301076,1909f56bfc062723c751e8b465ee728b)
Start importing Assets/WhitePorcelainDishSetDemo/Models using Guid(951e9fe1caab2f941b50bafe45348f51) Importer(815301076,1909f56bfc062723c751e8b465ee728b)  -> (artifact id: '2777a6a3f5071bde3e3d75ae916870c7') in 0.005160 seconds 
========================================================================
Received Import Request.
  Time since last request: 10.099839 seconds.
  path: Assets/Western Demo Audio Assets
  artifactKey: Guid(c7d8b63c9d068164b94a6e588869a380) Importer(815301076,1909f56bfc062723c751e8b465ee728b)
Start importing Assets/Western Demo Audio Assets using Guid(c7d8b63c9d068164b94a6e588869a380) Importer(815301076,1909f56bfc062723c751e8b465ee728b)  -> (artifact id: '922b344433633bdb2fc306b42dcb584b') in 0.015179 seconds 
========================================================================
Received Import Request.
  Time since last request: 3.582914 seconds.
  path: Assets/VertexColorCoffeeProps
  artifactKey: Guid(38cd053657e3f924e83b400dded23805) Importer(815301076,1909f56bfc062723c751e8b465ee728b)
Start importing Assets/VertexColorCoffeeProps using Guid(38cd053657e3f924e83b400dded23805) Importer(815301076,1909f56bfc062723c751e8b465ee728b)  -> (artifact id: 'f9a4aeddfdb034f5c8b017e9a388aaec') in 0.014036 seconds 
========================================================================
Received Import Request.
  Time since last request: 2.804206 seconds.
  path: Assets/VertexColorCoffeeProps/Assets/Meshes
  artifactKey: Guid(12136c1efa3815544b9402b481e5a948) Importer(815301076,1909f56bfc062723c751e8b465ee728b)
Start importing Assets/VertexColorCoffeeProps/Assets/Meshes using Guid(12136c1efa3815544b9402b481e5a948) Importer(815301076,1909f56bfc062723c751e8b465ee728b)  -> (artifact id: '50b22ec10191d38128eb14b8188faebe') in 0.016944 seconds 
========================================================================
Received Import Request.
  Time since last request: 730.073325 seconds.
  path: Assets/Materials/GlassWall.mat
  artifactKey: Guid(b9fe14f8f28f3b348870fc0bbd9cba74) Importer(815301076,1909f56bfc062723c751e8b465ee728b)
Start importing Assets/Materials/GlassWall.mat using Guid(b9fe14f8f28f3b348870fc0bbd9cba74) Importer(815301076,1909f56bfc062723c751e8b465ee728b)  -> (artifact id: 'cb950fcb6e8dd5045f3aea9810a44d5a') in 0.070437 seconds 
========================================================================
Received Import Request.
  Time since last request: 11.765579 seconds.
  path: Assets/Materials/sofa.mat
  artifactKey: Guid(6864697b694489442880d2476472f179) Importer(815301076,1909f56bfc062723c751e8b465ee728b)
Start importing Assets/Materials/sofa.mat using Guid(6864697b694489442880d2476472f179) Importer(815301076,1909f56bfc062723c751e8b465ee728b)  -> (artifact id: '25cfd9e92c8fa15b69c8354db15c11a5') in 0.028481 seconds 
========================================================================
Received Import Request.
  Time since last request: 477.456039 seconds.
  path: Assets/Materials/vase.mat
  artifactKey: Guid(0999140ecd54d7347b62a0692716a7b3) Importer(815301076,1909f56bfc062723c751e8b465ee728b)
Start importing Assets/Materials/vase.mat using Guid(0999140ecd54d7347b62a0692716a7b3) Importer(815301076,1909f56bfc062723c751e8b465ee728b)  -> (artifact id: '6536ac240e1a3cbb44d0b2d8d4eb9ccf') in 0.025219 seconds 
========================================================================
Received Import Request.
  Time since last request: 241.797223 seconds.
  path: Assets/Materials/plant.mat
  artifactKey: Guid(17a57e38a89c7cd4eb42eb5de812cac1) Importer(815301076,1909f56bfc062723c751e8b465ee728b)
Start importing Assets/Materials/plant.mat using Guid(17a57e38a89c7cd4eb42eb5de812cac1) Importer(815301076,1909f56bfc062723c751e8b465ee728b)  -> (artifact id: 'b911ac03a2c593ff88edc69b99ff6f9b') in 0.019528 seconds 
========================================================================
Received Import Request.
  Time since last request: 119.605591 seconds.
  path: Assets/Materials/plant.mat
  artifactKey: Guid(17a57e38a89c7cd4eb42eb5de812cac1) Importer(815301076,1909f56bfc062723c751e8b465ee728b)
Start importing Assets/Materials/plant.mat using Guid(17a57e38a89c7cd4eb42eb5de812cac1) Importer(815301076,1909f56bfc062723c751e8b465ee728b)  -> (artifact id: '94398379af5b3772658c9bb797abf21c') in 0.022561 seconds 
========================================================================
Received Import Request.
  Time since last request: 0.000261 seconds.
  path: Assets/Materials/vase.mat
  artifactKey: Guid(0999140ecd54d7347b62a0692716a7b3) Importer(815301076,1909f56bfc062723c751e8b465ee728b)
Start importing Assets/Materials/vase.mat using Guid(0999140ecd54d7347b62a0692716a7b3) Importer(815301076,1909f56bfc062723c751e8b465ee728b)  -> (artifact id: '6b999c9dfcf2a69c6e3e72c62803c861') in 0.024535 seconds 
========================================================================
Received Import Request.
  Time since last request: 0.000362 seconds.
  path: Assets/Materials/sofa.mat
  artifactKey: Guid(6864697b694489442880d2476472f179) Importer(815301076,1909f56bfc062723c751e8b465ee728b)
Start importing Assets/Materials/sofa.mat using Guid(6864697b694489442880d2476472f179) Importer(815301076,1909f56bfc062723c751e8b465ee728b)  -> (artifact id: '0e796ce8f24bbadcc785d0225fe04138') in 0.026757 seconds 
AssetImportWorkerClient::OnTransportError - code=2 error=End of file
